-- Found ament_cmake: 0.9.12 (/opt/ros/foxy/share/ament_cmake/cmake)
-- Using PYTHON_EXECUTABLE: /usr/bin/python3
-- Found rclcpp: 2.4.3 (/opt/ros/foxy/share/rclcpp/cmake)
-- Using all available rosidl_typesupport_c: rosidl_typesupport_fastrtps_c;rosidl_typesupport_introspection_c
-- Found rosidl_adapter: 1.3.1 (/opt/ros/foxy/share/rosidl_adapter/cmake)
-- Using all available rosidl_typesupport_cpp: rosidl_typesupport_fastrtps_cpp;rosidl_typesupport_introspection_cpp
-- Found rmw_implementation_cmake: 1.0.4 (/opt/ros/foxy/share/rmw_implementation_cmake/cmake)
-- Using RMW implementation 'rmw_fastrtps_cpp' as default
-- Found ament_lint_auto: 0.9.8 (/opt/ros/foxy/share/ament_lint_auto/cmake)
-- Added test 'cppcheck' to perform static code analysis on C / C++ code
-- Configured cppcheck include dirs: 
-- Configured cppcheck exclude dirs and/or files: 
-- Added test 'lint_cmake' to check CMake code style
-- Added test 'uncrustify' to check C / C++ code style
-- Configured uncrustify additional arguments: 
-- Added test 'xmllint' to check XML markup files
-- Configuring done
-- Generating done
-- Build files have been written to: /home/william/sim_ws/build/learning_node_cpp
[35m[1mScanning dependencies of target node_helloworld_class[0m
[ 50%] [32mBuilding CXX object CMakeFiles/node_helloworld_class.dir/src/node_helloworld_class.cpp.o[0m
[01m[K/home/william/sim_ws/src/ros2_21_tutorials-master/learning_node_cpp/src/node_helloworld_class.cpp:[m[K In constructor â€˜[01m[KHelloWorldNode::HelloWorldNode()[m[Kâ€™:
[01m[K/home/william/sim_ws/src/ros2_21_tutorials-master/learning_node_cpp/src/node_helloworld_class.cpp:21:17:[m[K [01;31m[Kerror: [m[Kâ€˜[01m[Ksleep[m[Kâ€™ was not declared in this scope
   21 |                 [01;31m[Ksleep[m[K(1);                                        // ä¼‘çœ æŽ§åˆ¶å¾ªçŽ¯æ—¶é—´
      |                 [01;31m[K^~~~~[m[K
make[2]: *** [CMakeFiles/node_helloworld_class.dir/build.make:63: CMakeFiles/node_helloworld_class.dir/src/node_helloworld_class.cpp.o] Error 1
make[1]: *** [CMakeFiles/Makefile2:78: CMakeFiles/node_helloworld_class.dir/all] Error 2
make: *** [Makefile:141: all] Error 2
